{"message":"Title is required.","level":"error"}
{"message":"Title is required.","level":"error"}
{"message":"Title is required.","level":"error"}
{"message":"URL is required.","level":"error"}
{"message":"Bookmark with id:c2e239a4-2f41-47fe-92c7-aff836b10423 created","level":"info"}
{"message":"Bookmark with id:c2e239a4-2f41-47fe-92c7-aff836b10423 not found.","level":"error"}
{"message":"Bookmark with id:2 not found.","level":"error"}
{"message":"Bookmark with id:2 not found.","level":"error"}
{"message":"Bookmark with id:7 not found.","level":"error"}
{"message":"Bookmark with id:\"1\" was deleted.","level":"info"}
{"message":"Bookmark with id:7 not found.","level":"error"}
{"message":"Bookmark with id:be16fdf1-62a0-408c-a450-6a781e1f70e8 created","level":"info"}
{"message":"Title is required.","level":"error"}
{"message":"URL is required.","level":"error"}
{"message":"Bookmark with id:81d42245-b525-4c45-acff-9f5b2c345e41 created","level":"info"}
{"message":"Bookmark with id:\"81d42245-b525-4c45-acff-9f5b2c345e41\" was deleted.","level":"info"}
{"message":"Bookmark with id:\"1\" was deleted.","level":"info"}
{"message":"Bookmark with id:1 not found.","level":"error"}
{"message":"Bookmark with id:81d42245-b525-4c45-acff-9f5b2c345e41 not found.","level":"error"}
{"message":"Bookmark with id:a573b9c4-fec1-452e-927d-3b67919782dc created","level":"info"}
{"message":"Bookmark with id:\"a573b9c4-fec1-452e-927d-3b67919782dc\" was deleted.","level":"info"}
{"message":"Bookmark with id:a573b9c4-fec1-452e-927d-3b67919782dc not found.","level":"error"}
{"message":"Bookmark with id:57e12cb9-3810-43b7-a9a7-c789b9b85584 created","level":"info"}
{"message":"Bookmark with id:\"57e12cb9-3810-43b7-a9a7-c789b9b85584\" was deleted.","level":"info"}
{"message":"Bookmark with id:1000 not found.","level":"error"}
